<?xml version="1.0" encoding="UTF-8"?>
<testsuites name="Mocha Tests" time="1.713" tests="3" failures="0">
  <testsuite name="Root Suite" timestamp="2025-04-07T18:14:21" tests="0" file="cypress\tests\e2e\welcome.spec.ts" time="0.000" failures="0">
  </testsuite>
  <testsuite name="Welcome Page Test" timestamp="2025-04-07T18:14:21" tests="3" time="1.708" failures="0">
    <testcase name="Welcome Page Test should have Employee Login and Client Login buttons" time="0.694" classname="should have Employee Login and Client Login buttons">
    </testcase>
    <testcase name="Welcome Page Test should navigate to /employee/login when Employee Login is clicked" time="0.632" classname="should navigate to /employee/login when Employee Login is clicked">
    </testcase>
    <testcase name="Welcome Page Test should navigate to /client/login when Client Login is clicked" time="0.268" classname="should navigate to /client/login when Client Login is clicked">
    </testcase>
  </testsuite>
</testsuites>